[debug] [2021-07-10T21:01:28.047Z] ----------------------------------------------------------------------
[debug] [2021-07-10T21:01:28.049Z] Command:       /usr/local/bin/node /usr/local/bin/firebase emulators:start
[debug] [2021-07-10T21:01:28.050Z] CLI Version:   9.14.0
[debug] [2021-07-10T21:01:28.050Z] Platform:      darwin
[debug] [2021-07-10T21:01:28.050Z] Node Version:  v15.12.0
[debug] [2021-07-10T21:01:28.052Z] Time:          Sat Jul 10 2021 17:01:28 GMT-0400 (Eastern Daylight Time)
[debug] [2021-07-10T21:01:28.052Z] ----------------------------------------------------------------------
[debug] 
[debug] [2021-07-10T21:01:28.062Z] > command requires scopes: ["email","openid","https://www.googleapis.com/auth/cloudplatformprojects.readonly","https://www.googleapis.com/auth/firebase","https://www.googleapis.com/auth/cloud-platform"]
[debug] [2021-07-10T21:01:28.063Z] > authorizing via signed-in user (mszilard86@gmail.com)
[info] i  emulators: Starting emulators: functions, hosting {"metadata":{"emulator":{"name":"hub"},"message":"Starting emulators: functions, hosting"}}
[debug] [2021-07-10T21:01:28.111Z] [hub] writing locator at /var/folders/9d/srr0f4yj5nb9344rpkddt6t80000gp/T/hub-clone-6ae1d.json
[warn] ⚠  functions: The following emulators are not running, calls to these services from the Functions emulator will affect production: auth, firestore, database, pubsub, storage {"metadata":{"emulator":{"name":"functions"},"message":"The following emulators are not running, calls to these services from the Functions emulator will affect production: \u001b[1mauth, firestore, database, pubsub, storage\u001b[22m"}}
[warn] ⚠  Your requested "node" version "14" doesn't match your global version "15" {"metadata":{"emulator":{"name":"functions"},"message":"Your requested \"node\" version \"14\" doesn't match your global version \"15\""}}
[debug] [2021-07-10T21:01:28.196Z] defaultcredentials: writing to file /Users/szilardmolnar/.config/firebase/mszilard86_gmail_com_application_default_credentials.json
[debug] [2021-07-10T21:01:28.202Z] Setting GAC to /Users/szilardmolnar/.config/firebase/mszilard86_gmail_com_application_default_credentials.json {"metadata":{"emulator":{"name":"functions"},"message":"Setting GAC to /Users/szilardmolnar/.config/firebase/mszilard86_gmail_com_application_default_credentials.json"}}
[debug] [2021-07-10T21:01:28.205Z] > refreshing access token with scopes: []
[debug] [2021-07-10T21:01:28.206Z] >>> HTTP REQUEST POST https://www.googleapis.com/oauth2/v3/token  
 <request body omitted>
[debug] [2021-07-10T21:01:28.383Z] <<< HTTP RESPONSE 200 {"pragma":"no-cache","cache-control":"no-cache, no-store, max-age=0, must-revalidate","date":"Sat, 10 Jul 2021 21:01:28 GMT","expires":"Mon, 01 Jan 1990 00:00:00 GMT","content-type":"application/json; charset=utf-8","vary":"X-Origin, Referer, Origin,Accept-Encoding","server":"scaffolding on HTTPServer2","x-xss-protection":"0","x-frame-options":"SAMEORIGIN","x-content-type-options":"nosniff","alt-svc":"h3=\":443\"; ma=2592000,h3-29=\":443\"; ma=2592000,h3-T051=\":443\"; ma=2592000,h3-Q050=\":443\"; ma=2592000,h3-Q046=\":443\"; ma=2592000,h3-Q043=\":443\"; ma=2592000,quic=\":443\"; ma=2592000; v=\"46,43\"","accept-ranges":"none","transfer-encoding":"chunked"}
[debug] [2021-07-10T21:01:28.430Z] >>> [apiv2][query] GET https://firebase.googleapis.com/v1beta1/projects/clone-6ae1d/adminSdkConfig [none]
[debug] [2021-07-10T21:01:28.758Z] <<< [apiv2][status] GET https://firebase.googleapis.com/v1beta1/projects/clone-6ae1d/adminSdkConfig 200
[debug] [2021-07-10T21:01:28.759Z] <<< [apiv2][body] GET https://firebase.googleapis.com/v1beta1/projects/clone-6ae1d/adminSdkConfig {"projectId":"clone-6ae1d","storageBucket":"clone-6ae1d.appspot.com"}
[debug] [2021-07-10T21:01:29.034Z] >>> [apiv2][query] GET https://firebasehosting.googleapis.com/v1beta1/projects/clone-6ae1d/sites 
[debug] [2021-07-10T21:01:29.408Z] <<< [apiv2][status] GET https://firebasehosting.googleapis.com/v1beta1/projects/clone-6ae1d/sites 200
[debug] [2021-07-10T21:01:29.408Z] <<< [apiv2][body] GET https://firebasehosting.googleapis.com/v1beta1/projects/clone-6ae1d/sites {"sites":[{"name":"projects/290987952511/sites/clone-6ae1d","defaultUrl":"https://clone-6ae1d.web.app","appId":"1:290987952511:web:c09671addea90be007724a","type":"DEFAULT_SITE"}]}
[debug] [2021-07-10T21:01:29.409Z] >>> [apiv2][query] GET https://firebase.googleapis.com/v1beta1/projects/clone-6ae1d/webApps/1:290987952511:web:c09671addea90be007724a/config [none]
[debug] [2021-07-10T21:01:29.815Z] <<< [apiv2][status] GET https://firebase.googleapis.com/v1beta1/projects/clone-6ae1d/webApps/1:290987952511:web:c09671addea90be007724a/config 200
[debug] [2021-07-10T21:01:29.815Z] <<< [apiv2][body] GET https://firebase.googleapis.com/v1beta1/projects/clone-6ae1d/webApps/1:290987952511:web:c09671addea90be007724a/config {"projectId":"clone-6ae1d","appId":"1:290987952511:web:c09671addea90be007724a","storageBucket":"clone-6ae1d.appspot.com","apiKey":"AIzaSyB191lvgcusiTx5lFz3y7ohmFb3ZMw-sqU","authDomain":"clone-6ae1d.firebaseapp.com","messagingSenderId":"290987952511"}
[info] i  hosting: Serving hosting files from: build {"metadata":{"emulator":{"name":"hosting"},"message":"Serving hosting files from: \u001b[1mbuild\u001b[22m"}}
[info] ✔  hosting: Local server: http://localhost:5000 {"metadata":{"emulator":{"name":"hosting"},"message":"Local server: \u001b[4m\u001b[1mhttp://localhost:5000\u001b[22m\u001b[24m"}}
[debug] [2021-07-10T21:01:29.857Z] Ignoring unsupported arg: auto_download {"metadata":{"emulator":{"name":"ui"},"message":"Ignoring unsupported arg: auto_download"}}
[debug] [2021-07-10T21:01:29.857Z] Ignoring unsupported arg: port {"metadata":{"emulator":{"name":"ui"},"message":"Ignoring unsupported arg: port"}}
[debug] [2021-07-10T21:01:29.857Z] Starting Emulator UI with command {"binary":"node","args":["/Users/szilardmolnar/.cache/firebase/emulators/ui-v1.5.0/server.bundle.js"],"optionalArgs":[],"joinArgs":false} {"metadata":{"emulator":{"name":"ui"},"message":"Starting Emulator UI with command {\"binary\":\"node\",\"args\":[\"/Users/szilardmolnar/.cache/firebase/emulators/ui-v1.5.0/server.bundle.js\"],\"optionalArgs\":[],\"joinArgs\":false}"}}
[info] i  ui: Emulator UI logging to ui-debug.log {"metadata":{"emulator":{"name":"ui"},"message":"Emulator UI logging to \u001b[1mui-debug.log\u001b[22m"}}
[debug] [2021-07-10T21:01:30.028Z] Web / API server started at http://localhost:4000
 {"metadata":{"emulator":{"name":"ui"},"message":"Web / API server started at http://localhost:4000\n"}}
[info] i  functions: Watching "/Users/szilardmolnar/Documents/working-amazon-clone/clone-amazon-app/amazon-clone/functions" for Cloud Functions... {"metadata":{"emulator":{"name":"functions"},"message":"Watching \"/Users/szilardmolnar/Documents/working-amazon-clone/clone-amazon-app/amazon-clone/functions\" for Cloud Functions..."}}
[debug] [2021-07-10T21:01:30.142Z] [worker-pool] addWorker(~diagnostic~) {"metadata":{"emulator":{"name":"functions"},"message":"[worker-pool] addWorker(~diagnostic~)"}}
[debug] [2021-07-10T21:01:30.143Z] [worker-pool] Adding worker with key ~diagnostic~, total=1 {"metadata":{"emulator":{"name":"functions"},"message":"[worker-pool] Adding worker with key ~diagnostic~, total=1"}}
[debug] [2021-07-10T21:01:30.143Z] [worker-pool] submitWork(triggerId=) {"metadata":{"emulator":{"name":"functions"},"message":"[worker-pool] submitWork(triggerId=)"}}
[debug] [2021-07-10T21:01:30.143Z] [worker-~diagnostic~-97409ba2-b5f8-4fcb-8539-6a07ec8ea478]: Assigning socketPath: /var/folders/9d/srr0f4yj5nb9344rpkddt6t80000gp/T/fire_emu_1325.sock {"metadata":{"emulator":{"name":"functions"},"message":"[worker-~diagnostic~-97409ba2-b5f8-4fcb-8539-6a07ec8ea478]: Assigning socketPath: /var/folders/9d/srr0f4yj5nb9344rpkddt6t80000gp/T/fire_emu_1325.sock"}}
[debug] [2021-07-10T21:01:30.144Z] [worker-~diagnostic~-97409ba2-b5f8-4fcb-8539-6a07ec8ea478]: BUSY {"metadata":{"emulator":{"name":"functions"},"message":"[worker-~diagnostic~-97409ba2-b5f8-4fcb-8539-6a07ec8ea478]: BUSY"}}
[debug] [2021-07-10T21:01:30.517Z] [runtime-status] [1325] Functions runtime initialized. {"cwd":"/Users/szilardmolnar/Documents/working-amazon-clone/clone-amazon-app/amazon-clone/functions","node_version":"15.12.0"} {"metadata":{"emulator":{"name":"functions"},"message":"[runtime-status] [1325] Functions runtime initialized. {\"cwd\":\"/Users/szilardmolnar/Documents/working-amazon-clone/clone-amazon-app/amazon-clone/functions\",\"node_version\":\"15.12.0\"}"}}
[debug] [2021-07-10T21:01:30.521Z] [runtime-status] [1325] Disabled runtime features: undefined {"metadata":{"emulator":{"name":"functions"},"message":"[runtime-status] [1325] Disabled runtime features: undefined"}}
[debug] [2021-07-10T21:01:30.537Z] [runtime-status] [1325] Resolved module firebase-admin {"declared":true,"installed":true,"version":"9.10.0","resolution":"/Users/szilardmolnar/Documents/working-amazon-clone/clone-amazon-app/amazon-clone/functions/node_modules/firebase-admin/lib/index.js"} {"metadata":{"emulator":{"name":"functions"},"message":"[runtime-status] [1325] Resolved module firebase-admin {\"declared\":true,\"installed\":true,\"version\":\"9.10.0\",\"resolution\":\"/Users/szilardmolnar/Documents/working-amazon-clone/clone-amazon-app/amazon-clone/functions/node_modules/firebase-admin/lib/index.js\"}"}}
[debug] [2021-07-10T21:01:30.552Z] [runtime-status] [1325] Resolved module firebase-functions {"declared":true,"installed":true,"version":"3.14.1","resolution":"/Users/szilardmolnar/Documents/working-amazon-clone/clone-amazon-app/amazon-clone/functions/node_modules/firebase-functions/lib/index.js"} {"metadata":{"emulator":{"name":"functions"},"message":"[runtime-status] [1325] Resolved module firebase-functions {\"declared\":true,\"installed\":true,\"version\":\"3.14.1\",\"resolution\":\"/Users/szilardmolnar/Documents/working-amazon-clone/clone-amazon-app/amazon-clone/functions/node_modules/firebase-functions/lib/index.js\"}"}}
[debug] [2021-07-10T21:01:30.554Z] [runtime-status] [1325] Resolved module firebase-functions {"declared":true,"installed":true,"version":"3.14.1","resolution":"/Users/szilardmolnar/Documents/working-amazon-clone/clone-amazon-app/amazon-clone/functions/node_modules/firebase-functions/lib/index.js"} {"metadata":{"emulator":{"name":"functions"},"message":"[runtime-status] [1325] Resolved module firebase-functions {\"declared\":true,\"installed\":true,\"version\":\"3.14.1\",\"resolution\":\"/Users/szilardmolnar/Documents/working-amazon-clone/clone-amazon-app/amazon-clone/functions/node_modules/firebase-functions/lib/index.js\"}"}}
[debug] [2021-07-10T21:01:30.556Z] [runtime-status] [1325] Outgoing network have been stubbed. [{"name":"http","status":"mocked"},{"name":"http","status":"mocked"},{"name":"https","status":"mocked"},{"name":"https","status":"mocked"},{"name":"net","status":"mocked"}] {"metadata":{"emulator":{"name":"functions"},"message":"[runtime-status] [1325] Outgoing network have been stubbed. [{\"name\":\"http\",\"status\":\"mocked\"},{\"name\":\"http\",\"status\":\"mocked\"},{\"name\":\"https\",\"status\":\"mocked\"},{\"name\":\"https\",\"status\":\"mocked\"},{\"name\":\"net\",\"status\":\"mocked\"}]"}}
[debug] [2021-07-10T21:01:30.558Z] [runtime-status] [1325] Resolved module firebase-functions {"declared":true,"installed":true,"version":"3.14.1","resolution":"/Users/szilardmolnar/Documents/working-amazon-clone/clone-amazon-app/amazon-clone/functions/node_modules/firebase-functions/lib/index.js"} {"metadata":{"emulator":{"name":"functions"},"message":"[runtime-status] [1325] Resolved module firebase-functions {\"declared\":true,\"installed\":true,\"version\":\"3.14.1\",\"resolution\":\"/Users/szilardmolnar/Documents/working-amazon-clone/clone-amazon-app/amazon-clone/functions/node_modules/firebase-functions/lib/index.js\"}"}}
[debug] [2021-07-10T21:01:30.655Z] [runtime-status] [1325] Checked functions.config() {"config":{}} {"metadata":{"emulator":{"name":"functions"},"message":"[runtime-status] [1325] Checked functions.config() {\"config\":{}}"}}
[debug] [2021-07-10T21:01:30.655Z] [runtime-status] [1325] firebase-functions has been stubbed. {"functionsResolution":{"declared":true,"installed":true,"version":"3.14.1","resolution":"/Users/szilardmolnar/Documents/working-amazon-clone/clone-amazon-app/amazon-clone/functions/node_modules/firebase-functions/lib/index.js"}} {"metadata":{"emulator":{"name":"functions"},"message":"[runtime-status] [1325] firebase-functions has been stubbed. {\"functionsResolution\":{\"declared\":true,\"installed\":true,\"version\":\"3.14.1\",\"resolution\":\"/Users/szilardmolnar/Documents/working-amazon-clone/clone-amazon-app/amazon-clone/functions/node_modules/firebase-functions/lib/index.js\"}}"}}
[debug] [2021-07-10T21:01:30.656Z] [runtime-status] [1325] Resolved module firebase-functions {"declared":true,"installed":true,"version":"3.14.1","resolution":"/Users/szilardmolnar/Documents/working-amazon-clone/clone-amazon-app/amazon-clone/functions/node_modules/firebase-functions/lib/index.js"} {"metadata":{"emulator":{"name":"functions"},"message":"[runtime-status] [1325] Resolved module firebase-functions {\"declared\":true,\"installed\":true,\"version\":\"3.14.1\",\"resolution\":\"/Users/szilardmolnar/Documents/working-amazon-clone/clone-amazon-app/amazon-clone/functions/node_modules/firebase-functions/lib/index.js\"}"}}
[debug] [2021-07-10T21:01:30.657Z] [runtime-status] [1325] Resolved module firebase-admin {"declared":true,"installed":true,"version":"9.10.0","resolution":"/Users/szilardmolnar/Documents/working-amazon-clone/clone-amazon-app/amazon-clone/functions/node_modules/firebase-admin/lib/index.js"} {"metadata":{"emulator":{"name":"functions"},"message":"[runtime-status] [1325] Resolved module firebase-admin {\"declared\":true,\"installed\":true,\"version\":\"9.10.0\",\"resolution\":\"/Users/szilardmolnar/Documents/working-amazon-clone/clone-amazon-app/amazon-clone/functions/node_modules/firebase-admin/lib/index.js\"}"}}
[debug] [2021-07-10T21:01:30.658Z] [runtime-status] [1325] Resolved module firebase-functions {"declared":true,"installed":true,"version":"3.14.1","resolution":"/Users/szilardmolnar/Documents/working-amazon-clone/clone-amazon-app/amazon-clone/functions/node_modules/firebase-functions/lib/index.js"} {"metadata":{"emulator":{"name":"functions"},"message":"[runtime-status] [1325] Resolved module firebase-functions {\"declared\":true,\"installed\":true,\"version\":\"3.14.1\",\"resolution\":\"/Users/szilardmolnar/Documents/working-amazon-clone/clone-amazon-app/amazon-clone/functions/node_modules/firebase-functions/lib/index.js\"}"}}
[debug] [2021-07-10T21:01:30.658Z] [runtime-status] [1325] firebase-admin has been stubbed. {"adminResolution":{"declared":true,"installed":true,"version":"9.10.0","resolution":"/Users/szilardmolnar/Documents/working-amazon-clone/clone-amazon-app/amazon-clone/functions/node_modules/firebase-admin/lib/index.js"}} {"metadata":{"emulator":{"name":"functions"},"message":"[runtime-status] [1325] firebase-admin has been stubbed. {\"adminResolution\":{\"declared\":true,\"installed\":true,\"version\":\"9.10.0\",\"resolution\":\"/Users/szilardmolnar/Documents/working-amazon-clone/clone-amazon-app/amazon-clone/functions/node_modules/firebase-admin/lib/index.js\"}}"}}
[info] ✔  functions[us-central1-api]: http function initialized (http://localhost:5001/clone-6ae1d/us-central1/api). {"metadata":{"emulator":{"name":"functions"},"message":"\u001b[1mhttp\u001b[22m function initialized (http://localhost:5001/clone-6ae1d/us-central1/api)."}}
[info] 
┌─────────────────────────────────────────────────────────────┐
│ ✔  All emulators ready! It is now safe to connect your app. │
│ i  View Emulator UI at http://localhost:4000                │
└─────────────────────────────────────────────────────────────┘

┌───────────┬────────────────┬─────────────────────────────────┐
│ Emulator  │ Host:Port      │ View in Emulator UI             │
├───────────┼────────────────┼─────────────────────────────────┤
│ Functions │ localhost:5001 │ http://localhost:4000/functions │
├───────────┼────────────────┼─────────────────────────────────┤
│ Hosting   │ localhost:5000 │ n/a                             │
└───────────┴────────────────┴─────────────────────────────────┘
  Emulator Hub running at localhost:4400
  Other reserved ports: 4500

Issues? Report them at https://github.com/firebase/firebase-tools/issues and attach the *-debug.log files.
 
[debug] [2021-07-10T21:01:30.885Z] [worker-~diagnostic~-97409ba2-b5f8-4fcb-8539-6a07ec8ea478]: IDLE {"metadata":{"emulator":{"name":"functions"},"message":"[worker-~diagnostic~-97409ba2-b5f8-4fcb-8539-6a07ec8ea478]: IDLE"}}
[debug] [2021-07-10T21:03:28.118Z] File /Users/szilardmolnar/Documents/working-amazon-clone/clone-amazon-app/amazon-clone/functions/index.js changed, reloading triggers {"metadata":{"emulator":{"name":"functions"},"message":"File /Users/szilardmolnar/Documents/working-amazon-clone/clone-amazon-app/amazon-clone/functions/index.js changed, reloading triggers"}}
[debug] [2021-07-10T21:03:29.123Z] [worker-pool] Shutting down IDLE worker (~diagnostic~) {"metadata":{"emulator":{"name":"functions"},"message":"[worker-pool] Shutting down IDLE worker (~diagnostic~)"}}
[debug] [2021-07-10T21:03:29.123Z] [worker-~diagnostic~-97409ba2-b5f8-4fcb-8539-6a07ec8ea478]: FINISHING {"metadata":{"emulator":{"name":"functions"},"message":"[worker-~diagnostic~-97409ba2-b5f8-4fcb-8539-6a07ec8ea478]: FINISHING"}}
[debug] [2021-07-10T21:03:29.145Z] [worker-pool] addWorker(~diagnostic~) {"metadata":{"emulator":{"name":"functions"},"message":"[worker-pool] addWorker(~diagnostic~)"}}
[debug] [2021-07-10T21:03:29.145Z] [worker-pool] Adding worker with key ~diagnostic~, total=2 {"metadata":{"emulator":{"name":"functions"},"message":"[worker-pool] Adding worker with key ~diagnostic~, total=2"}}
[debug] [2021-07-10T21:03:29.145Z] [worker-pool] submitWork(triggerId=) {"metadata":{"emulator":{"name":"functions"},"message":"[worker-pool] submitWork(triggerId=)"}}
[debug] [2021-07-10T21:03:29.146Z] [worker-~diagnostic~-b6d23d9a-0408-459e-845f-b616f76b8e56]: Assigning socketPath: /var/folders/9d/srr0f4yj5nb9344rpkddt6t80000gp/T/fire_emu_1351.sock {"metadata":{"emulator":{"name":"functions"},"message":"[worker-~diagnostic~-b6d23d9a-0408-459e-845f-b616f76b8e56]: Assigning socketPath: /var/folders/9d/srr0f4yj5nb9344rpkddt6t80000gp/T/fire_emu_1351.sock"}}
[debug] [2021-07-10T21:03:29.146Z] [worker-~diagnostic~-b6d23d9a-0408-459e-845f-b616f76b8e56]: BUSY {"metadata":{"emulator":{"name":"functions"},"message":"[worker-~diagnostic~-b6d23d9a-0408-459e-845f-b616f76b8e56]: BUSY"}}
[debug] [2021-07-10T21:03:29.148Z] [worker-~diagnostic~-97409ba2-b5f8-4fcb-8539-6a07ec8ea478]: exited {"metadata":{"emulator":{"name":"functions"},"message":"[worker-~diagnostic~-97409ba2-b5f8-4fcb-8539-6a07ec8ea478]: exited"}}
[debug] [2021-07-10T21:03:29.148Z] [worker-~diagnostic~-97409ba2-b5f8-4fcb-8539-6a07ec8ea478]: FINISHED {"metadata":{"emulator":{"name":"functions"},"message":"[worker-~diagnostic~-97409ba2-b5f8-4fcb-8539-6a07ec8ea478]: FINISHED"}}
[debug] [2021-07-10T21:03:29.424Z] [runtime-status] [1351] Functions runtime initialized. {"cwd":"/Users/szilardmolnar/Documents/working-amazon-clone/clone-amazon-app/amazon-clone/functions","node_version":"15.12.0"} {"metadata":{"emulator":{"name":"functions"},"message":"[runtime-status] [1351] Functions runtime initialized. {\"cwd\":\"/Users/szilardmolnar/Documents/working-amazon-clone/clone-amazon-app/amazon-clone/functions\",\"node_version\":\"15.12.0\"}"}}
[debug] [2021-07-10T21:03:29.428Z] [runtime-status] [1351] Disabled runtime features: undefined {"metadata":{"emulator":{"name":"functions"},"message":"[runtime-status] [1351] Disabled runtime features: undefined"}}
[debug] [2021-07-10T21:03:29.432Z] [runtime-status] [1351] Resolved module firebase-admin {"declared":true,"installed":true,"version":"9.10.0","resolution":"/Users/szilardmolnar/Documents/working-amazon-clone/clone-amazon-app/amazon-clone/functions/node_modules/firebase-admin/lib/index.js"} {"metadata":{"emulator":{"name":"functions"},"message":"[runtime-status] [1351] Resolved module firebase-admin {\"declared\":true,\"installed\":true,\"version\":\"9.10.0\",\"resolution\":\"/Users/szilardmolnar/Documents/working-amazon-clone/clone-amazon-app/amazon-clone/functions/node_modules/firebase-admin/lib/index.js\"}"}}
[debug] [2021-07-10T21:03:29.435Z] [runtime-status] [1351] Resolved module firebase-functions {"declared":true,"installed":true,"version":"3.14.1","resolution":"/Users/szilardmolnar/Documents/working-amazon-clone/clone-amazon-app/amazon-clone/functions/node_modules/firebase-functions/lib/index.js"} {"metadata":{"emulator":{"name":"functions"},"message":"[runtime-status] [1351] Resolved module firebase-functions {\"declared\":true,\"installed\":true,\"version\":\"3.14.1\",\"resolution\":\"/Users/szilardmolnar/Documents/working-amazon-clone/clone-amazon-app/amazon-clone/functions/node_modules/firebase-functions/lib/index.js\"}"}}
[debug] [2021-07-10T21:03:29.438Z] [runtime-status] [1351] Resolved module firebase-functions {"declared":true,"installed":true,"version":"3.14.1","resolution":"/Users/szilardmolnar/Documents/working-amazon-clone/clone-amazon-app/amazon-clone/functions/node_modules/firebase-functions/lib/index.js"} {"metadata":{"emulator":{"name":"functions"},"message":"[runtime-status] [1351] Resolved module firebase-functions {\"declared\":true,\"installed\":true,\"version\":\"3.14.1\",\"resolution\":\"/Users/szilardmolnar/Documents/working-amazon-clone/clone-amazon-app/amazon-clone/functions/node_modules/firebase-functions/lib/index.js\"}"}}
[debug] [2021-07-10T21:03:29.444Z] [runtime-status] [1351] Outgoing network have been stubbed. [{"name":"http","status":"mocked"},{"name":"http","status":"mocked"},{"name":"https","status":"mocked"},{"name":"https","status":"mocked"},{"name":"net","status":"mocked"}] {"metadata":{"emulator":{"name":"functions"},"message":"[runtime-status] [1351] Outgoing network have been stubbed. [{\"name\":\"http\",\"status\":\"mocked\"},{\"name\":\"http\",\"status\":\"mocked\"},{\"name\":\"https\",\"status\":\"mocked\"},{\"name\":\"https\",\"status\":\"mocked\"},{\"name\":\"net\",\"status\":\"mocked\"}]"}}
[debug] [2021-07-10T21:03:29.445Z] [runtime-status] [1351] Resolved module firebase-functions {"declared":true,"installed":true,"version":"3.14.1","resolution":"/Users/szilardmolnar/Documents/working-amazon-clone/clone-amazon-app/amazon-clone/functions/node_modules/firebase-functions/lib/index.js"} {"metadata":{"emulator":{"name":"functions"},"message":"[runtime-status] [1351] Resolved module firebase-functions {\"declared\":true,\"installed\":true,\"version\":\"3.14.1\",\"resolution\":\"/Users/szilardmolnar/Documents/working-amazon-clone/clone-amazon-app/amazon-clone/functions/node_modules/firebase-functions/lib/index.js\"}"}}
[debug] [2021-07-10T21:03:29.516Z] [runtime-status] [1351] Checked functions.config() {"config":{}} {"metadata":{"emulator":{"name":"functions"},"message":"[runtime-status] [1351] Checked functions.config() {\"config\":{}}"}}
[debug] [2021-07-10T21:03:29.517Z] [runtime-status] [1351] firebase-functions has been stubbed. {"functionsResolution":{"declared":true,"installed":true,"version":"3.14.1","resolution":"/Users/szilardmolnar/Documents/working-amazon-clone/clone-amazon-app/amazon-clone/functions/node_modules/firebase-functions/lib/index.js"}} {"metadata":{"emulator":{"name":"functions"},"message":"[runtime-status] [1351] firebase-functions has been stubbed. {\"functionsResolution\":{\"declared\":true,\"installed\":true,\"version\":\"3.14.1\",\"resolution\":\"/Users/szilardmolnar/Documents/working-amazon-clone/clone-amazon-app/amazon-clone/functions/node_modules/firebase-functions/lib/index.js\"}}"}}
[debug] [2021-07-10T21:03:29.517Z] [runtime-status] [1351] Resolved module firebase-functions {"declared":true,"installed":true,"version":"3.14.1","resolution":"/Users/szilardmolnar/Documents/working-amazon-clone/clone-amazon-app/amazon-clone/functions/node_modules/firebase-functions/lib/index.js"} {"metadata":{"emulator":{"name":"functions"},"message":"[runtime-status] [1351] Resolved module firebase-functions {\"declared\":true,\"installed\":true,\"version\":\"3.14.1\",\"resolution\":\"/Users/szilardmolnar/Documents/working-amazon-clone/clone-amazon-app/amazon-clone/functions/node_modules/firebase-functions/lib/index.js\"}"}}
[debug] [2021-07-10T21:03:29.518Z] [runtime-status] [1351] Resolved module firebase-admin {"declared":true,"installed":true,"version":"9.10.0","resolution":"/Users/szilardmolnar/Documents/working-amazon-clone/clone-amazon-app/amazon-clone/functions/node_modules/firebase-admin/lib/index.js"} {"metadata":{"emulator":{"name":"functions"},"message":"[runtime-status] [1351] Resolved module firebase-admin {\"declared\":true,\"installed\":true,\"version\":\"9.10.0\",\"resolution\":\"/Users/szilardmolnar/Documents/working-amazon-clone/clone-amazon-app/amazon-clone/functions/node_modules/firebase-admin/lib/index.js\"}"}}
[debug] [2021-07-10T21:03:29.519Z] [runtime-status] [1351] Resolved module firebase-functions {"declared":true,"installed":true,"version":"3.14.1","resolution":"/Users/szilardmolnar/Documents/working-amazon-clone/clone-amazon-app/amazon-clone/functions/node_modules/firebase-functions/lib/index.js"} {"metadata":{"emulator":{"name":"functions"},"message":"[runtime-status] [1351] Resolved module firebase-functions {\"declared\":true,\"installed\":true,\"version\":\"3.14.1\",\"resolution\":\"/Users/szilardmolnar/Documents/working-amazon-clone/clone-amazon-app/amazon-clone/functions/node_modules/firebase-functions/lib/index.js\"}"}}
[debug] [2021-07-10T21:03:29.519Z] [runtime-status] [1351] firebase-admin has been stubbed. {"adminResolution":{"declared":true,"installed":true,"version":"9.10.0","resolution":"/Users/szilardmolnar/Documents/working-amazon-clone/clone-amazon-app/amazon-clone/functions/node_modules/firebase-admin/lib/index.js"}} {"metadata":{"emulator":{"name":"functions"},"message":"[runtime-status] [1351] firebase-admin has been stubbed. {\"adminResolution\":{\"declared\":true,\"installed\":true,\"version\":\"9.10.0\",\"resolution\":\"/Users/szilardmolnar/Documents/working-amazon-clone/clone-amazon-app/amazon-clone/functions/node_modules/firebase-admin/lib/index.js\"}}"}}
[debug] [2021-07-10T21:03:29.723Z] [worker-~diagnostic~-b6d23d9a-0408-459e-845f-b616f76b8e56]: IDLE {"metadata":{"emulator":{"name":"functions"},"message":"[worker-~diagnostic~-b6d23d9a-0408-459e-845f-b616f76b8e56]: IDLE"}}
[debug] [2021-07-10T21:03:42.358Z] File /Users/szilardmolnar/Documents/working-amazon-clone/clone-amazon-app/amazon-clone/functions/index.js changed, reloading triggers {"metadata":{"emulator":{"name":"functions"},"message":"File /Users/szilardmolnar/Documents/working-amazon-clone/clone-amazon-app/amazon-clone/functions/index.js changed, reloading triggers"}}
[debug] [2021-07-10T21:03:43.363Z] [worker-pool] Shutting down IDLE worker (~diagnostic~) {"metadata":{"emulator":{"name":"functions"},"message":"[worker-pool] Shutting down IDLE worker (~diagnostic~)"}}
[debug] [2021-07-10T21:03:43.363Z] [worker-~diagnostic~-b6d23d9a-0408-459e-845f-b616f76b8e56]: FINISHING {"metadata":{"emulator":{"name":"functions"},"message":"[worker-~diagnostic~-b6d23d9a-0408-459e-845f-b616f76b8e56]: FINISHING"}}
[debug] [2021-07-10T21:03:43.364Z] [worker-pool] Cleaned up workers for ~diagnostic~: 2 --> 1 {"metadata":{"emulator":{"name":"functions"},"message":"[worker-pool] Cleaned up workers for ~diagnostic~: 2 --> 1"}}
[debug] [2021-07-10T21:03:43.376Z] [worker-pool] addWorker(~diagnostic~) {"metadata":{"emulator":{"name":"functions"},"message":"[worker-pool] addWorker(~diagnostic~)"}}
[debug] [2021-07-10T21:03:43.376Z] [worker-pool] Adding worker with key ~diagnostic~, total=2 {"metadata":{"emulator":{"name":"functions"},"message":"[worker-pool] Adding worker with key ~diagnostic~, total=2"}}
[debug] [2021-07-10T21:03:43.376Z] [worker-pool] submitWork(triggerId=) {"metadata":{"emulator":{"name":"functions"},"message":"[worker-pool] submitWork(triggerId=)"}}
[debug] [2021-07-10T21:03:43.376Z] [worker-~diagnostic~-328111e8-df65-4622-aa7a-9dc8dcc2b264]: Assigning socketPath: /var/folders/9d/srr0f4yj5nb9344rpkddt6t80000gp/T/fire_emu_1366.sock {"metadata":{"emulator":{"name":"functions"},"message":"[worker-~diagnostic~-328111e8-df65-4622-aa7a-9dc8dcc2b264]: Assigning socketPath: /var/folders/9d/srr0f4yj5nb9344rpkddt6t80000gp/T/fire_emu_1366.sock"}}
[debug] [2021-07-10T21:03:43.377Z] [worker-~diagnostic~-328111e8-df65-4622-aa7a-9dc8dcc2b264]: BUSY {"metadata":{"emulator":{"name":"functions"},"message":"[worker-~diagnostic~-328111e8-df65-4622-aa7a-9dc8dcc2b264]: BUSY"}}
[debug] [2021-07-10T21:03:43.378Z] [worker-~diagnostic~-b6d23d9a-0408-459e-845f-b616f76b8e56]: exited {"metadata":{"emulator":{"name":"functions"},"message":"[worker-~diagnostic~-b6d23d9a-0408-459e-845f-b616f76b8e56]: exited"}}
[debug] [2021-07-10T21:03:43.378Z] [worker-~diagnostic~-b6d23d9a-0408-459e-845f-b616f76b8e56]: FINISHED {"metadata":{"emulator":{"name":"functions"},"message":"[worker-~diagnostic~-b6d23d9a-0408-459e-845f-b616f76b8e56]: FINISHED"}}
[debug] [2021-07-10T21:03:43.523Z] [runtime-status] [1366] Functions runtime initialized. {"cwd":"/Users/szilardmolnar/Documents/working-amazon-clone/clone-amazon-app/amazon-clone/functions","node_version":"15.12.0"} {"metadata":{"emulator":{"name":"functions"},"message":"[runtime-status] [1366] Functions runtime initialized. {\"cwd\":\"/Users/szilardmolnar/Documents/working-amazon-clone/clone-amazon-app/amazon-clone/functions\",\"node_version\":\"15.12.0\"}"}}
[debug] [2021-07-10T21:03:43.524Z] [runtime-status] [1366] Disabled runtime features: undefined {"metadata":{"emulator":{"name":"functions"},"message":"[runtime-status] [1366] Disabled runtime features: undefined"}}
[debug] [2021-07-10T21:03:43.526Z] [runtime-status] [1366] Resolved module firebase-admin {"declared":true,"installed":true,"version":"9.10.0","resolution":"/Users/szilardmolnar/Documents/working-amazon-clone/clone-amazon-app/amazon-clone/functions/node_modules/firebase-admin/lib/index.js"} {"metadata":{"emulator":{"name":"functions"},"message":"[runtime-status] [1366] Resolved module firebase-admin {\"declared\":true,\"installed\":true,\"version\":\"9.10.0\",\"resolution\":\"/Users/szilardmolnar/Documents/working-amazon-clone/clone-amazon-app/amazon-clone/functions/node_modules/firebase-admin/lib/index.js\"}"}}
[debug] [2021-07-10T21:03:43.529Z] [runtime-status] [1366] Resolved module firebase-functions {"declared":true,"installed":true,"version":"3.14.1","resolution":"/Users/szilardmolnar/Documents/working-amazon-clone/clone-amazon-app/amazon-clone/functions/node_modules/firebase-functions/lib/index.js"} {"metadata":{"emulator":{"name":"functions"},"message":"[runtime-status] [1366] Resolved module firebase-functions {\"declared\":true,\"installed\":true,\"version\":\"3.14.1\",\"resolution\":\"/Users/szilardmolnar/Documents/working-amazon-clone/clone-amazon-app/amazon-clone/functions/node_modules/firebase-functions/lib/index.js\"}"}}
[debug] [2021-07-10T21:03:43.535Z] [runtime-status] [1366] Resolved module firebase-functions {"declared":true,"installed":true,"version":"3.14.1","resolution":"/Users/szilardmolnar/Documents/working-amazon-clone/clone-amazon-app/amazon-clone/functions/node_modules/firebase-functions/lib/index.js"} {"metadata":{"emulator":{"name":"functions"},"message":"[runtime-status] [1366] Resolved module firebase-functions {\"declared\":true,\"installed\":true,\"version\":\"3.14.1\",\"resolution\":\"/Users/szilardmolnar/Documents/working-amazon-clone/clone-amazon-app/amazon-clone/functions/node_modules/firebase-functions/lib/index.js\"}"}}
[debug] [2021-07-10T21:03:43.536Z] [runtime-status] [1366] Outgoing network have been stubbed. [{"name":"http","status":"mocked"},{"name":"http","status":"mocked"},{"name":"https","status":"mocked"},{"name":"https","status":"mocked"},{"name":"net","status":"mocked"}] {"metadata":{"emulator":{"name":"functions"},"message":"[runtime-status] [1366] Outgoing network have been stubbed. [{\"name\":\"http\",\"status\":\"mocked\"},{\"name\":\"http\",\"status\":\"mocked\"},{\"name\":\"https\",\"status\":\"mocked\"},{\"name\":\"https\",\"status\":\"mocked\"},{\"name\":\"net\",\"status\":\"mocked\"}]"}}
[debug] [2021-07-10T21:03:43.536Z] [runtime-status] [1366] Resolved module firebase-functions {"declared":true,"installed":true,"version":"3.14.1","resolution":"/Users/szilardmolnar/Documents/working-amazon-clone/clone-amazon-app/amazon-clone/functions/node_modules/firebase-functions/lib/index.js"} {"metadata":{"emulator":{"name":"functions"},"message":"[runtime-status] [1366] Resolved module firebase-functions {\"declared\":true,\"installed\":true,\"version\":\"3.14.1\",\"resolution\":\"/Users/szilardmolnar/Documents/working-amazon-clone/clone-amazon-app/amazon-clone/functions/node_modules/firebase-functions/lib/index.js\"}"}}
[debug] [2021-07-10T21:03:43.578Z] [runtime-status] [1366] Checked functions.config() {"config":{}} {"metadata":{"emulator":{"name":"functions"},"message":"[runtime-status] [1366] Checked functions.config() {\"config\":{}}"}}
[debug] [2021-07-10T21:03:43.579Z] [runtime-status] [1366] firebase-functions has been stubbed. {"functionsResolution":{"declared":true,"installed":true,"version":"3.14.1","resolution":"/Users/szilardmolnar/Documents/working-amazon-clone/clone-amazon-app/amazon-clone/functions/node_modules/firebase-functions/lib/index.js"}} {"metadata":{"emulator":{"name":"functions"},"message":"[runtime-status] [1366] firebase-functions has been stubbed. {\"functionsResolution\":{\"declared\":true,\"installed\":true,\"version\":\"3.14.1\",\"resolution\":\"/Users/szilardmolnar/Documents/working-amazon-clone/clone-amazon-app/amazon-clone/functions/node_modules/firebase-functions/lib/index.js\"}}"}}
[debug] [2021-07-10T21:03:43.579Z] [runtime-status] [1366] Resolved module firebase-functions {"declared":true,"installed":true,"version":"3.14.1","resolution":"/Users/szilardmolnar/Documents/working-amazon-clone/clone-amazon-app/amazon-clone/functions/node_modules/firebase-functions/lib/index.js"} {"metadata":{"emulator":{"name":"functions"},"message":"[runtime-status] [1366] Resolved module firebase-functions {\"declared\":true,\"installed\":true,\"version\":\"3.14.1\",\"resolution\":\"/Users/szilardmolnar/Documents/working-amazon-clone/clone-amazon-app/amazon-clone/functions/node_modules/firebase-functions/lib/index.js\"}"}}
[debug] [2021-07-10T21:03:43.582Z] [runtime-status] [1366] Resolved module firebase-admin {"declared":true,"installed":true,"version":"9.10.0","resolution":"/Users/szilardmolnar/Documents/working-amazon-clone/clone-amazon-app/amazon-clone/functions/node_modules/firebase-admin/lib/index.js"} {"metadata":{"emulator":{"name":"functions"},"message":"[runtime-status] [1366] Resolved module firebase-admin {\"declared\":true,\"installed\":true,\"version\":\"9.10.0\",\"resolution\":\"/Users/szilardmolnar/Documents/working-amazon-clone/clone-amazon-app/amazon-clone/functions/node_modules/firebase-admin/lib/index.js\"}"}}
[debug] [2021-07-10T21:03:43.582Z] [runtime-status] [1366] Resolved module firebase-functions {"declared":true,"installed":true,"version":"3.14.1","resolution":"/Users/szilardmolnar/Documents/working-amazon-clone/clone-amazon-app/amazon-clone/functions/node_modules/firebase-functions/lib/index.js"} {"metadata":{"emulator":{"name":"functions"},"message":"[runtime-status] [1366] Resolved module firebase-functions {\"declared\":true,\"installed\":true,\"version\":\"3.14.1\",\"resolution\":\"/Users/szilardmolnar/Documents/working-amazon-clone/clone-amazon-app/amazon-clone/functions/node_modules/firebase-functions/lib/index.js\"}"}}
[debug] [2021-07-10T21:03:43.582Z] [runtime-status] [1366] firebase-admin has been stubbed. {"adminResolution":{"declared":true,"installed":true,"version":"9.10.0","resolution":"/Users/szilardmolnar/Documents/working-amazon-clone/clone-amazon-app/amazon-clone/functions/node_modules/firebase-admin/lib/index.js"}} {"metadata":{"emulator":{"name":"functions"},"message":"[runtime-status] [1366] firebase-admin has been stubbed. {\"adminResolution\":{\"declared\":true,\"installed\":true,\"version\":\"9.10.0\",\"resolution\":\"/Users/szilardmolnar/Documents/working-amazon-clone/clone-amazon-app/amazon-clone/functions/node_modules/firebase-admin/lib/index.js\"}}"}}
[debug] [2021-07-10T21:03:43.680Z] [worker-~diagnostic~-328111e8-df65-4622-aa7a-9dc8dcc2b264]: IDLE {"metadata":{"emulator":{"name":"functions"},"message":"[worker-~diagnostic~-328111e8-df65-4622-aa7a-9dc8dcc2b264]: IDLE"}}
[debug] [2021-07-10T21:03:46.853Z] File /Users/szilardmolnar/Documents/working-amazon-clone/clone-amazon-app/amazon-clone/functions/index.js changed, reloading triggers {"metadata":{"emulator":{"name":"functions"},"message":"File /Users/szilardmolnar/Documents/working-amazon-clone/clone-amazon-app/amazon-clone/functions/index.js changed, reloading triggers"}}
[debug] [2021-07-10T21:03:47.857Z] [worker-pool] Shutting down IDLE worker (~diagnostic~) {"metadata":{"emulator":{"name":"functions"},"message":"[worker-pool] Shutting down IDLE worker (~diagnostic~)"}}
[debug] [2021-07-10T21:03:47.858Z] [worker-~diagnostic~-328111e8-df65-4622-aa7a-9dc8dcc2b264]: FINISHING {"metadata":{"emulator":{"name":"functions"},"message":"[worker-~diagnostic~-328111e8-df65-4622-aa7a-9dc8dcc2b264]: FINISHING"}}
[debug] [2021-07-10T21:03:47.858Z] [worker-pool] Cleaned up workers for ~diagnostic~: 2 --> 1 {"metadata":{"emulator":{"name":"functions"},"message":"[worker-pool] Cleaned up workers for ~diagnostic~: 2 --> 1"}}
[debug] [2021-07-10T21:03:47.868Z] [worker-pool] addWorker(~diagnostic~) {"metadata":{"emulator":{"name":"functions"},"message":"[worker-pool] addWorker(~diagnostic~)"}}
[debug] [2021-07-10T21:03:47.868Z] [worker-pool] Adding worker with key ~diagnostic~, total=2 {"metadata":{"emulator":{"name":"functions"},"message":"[worker-pool] Adding worker with key ~diagnostic~, total=2"}}
[debug] [2021-07-10T21:03:47.869Z] [worker-pool] submitWork(triggerId=) {"metadata":{"emulator":{"name":"functions"},"message":"[worker-pool] submitWork(triggerId=)"}}
[debug] [2021-07-10T21:03:47.869Z] [worker-~diagnostic~-c93cc55a-5deb-4890-a86b-897a0394d0dc]: Assigning socketPath: /var/folders/9d/srr0f4yj5nb9344rpkddt6t80000gp/T/fire_emu_1374.sock {"metadata":{"emulator":{"name":"functions"},"message":"[worker-~diagnostic~-c93cc55a-5deb-4890-a86b-897a0394d0dc]: Assigning socketPath: /var/folders/9d/srr0f4yj5nb9344rpkddt6t80000gp/T/fire_emu_1374.sock"}}
[debug] [2021-07-10T21:03:47.869Z] [worker-~diagnostic~-c93cc55a-5deb-4890-a86b-897a0394d0dc]: BUSY {"metadata":{"emulator":{"name":"functions"},"message":"[worker-~diagnostic~-c93cc55a-5deb-4890-a86b-897a0394d0dc]: BUSY"}}
[debug] [2021-07-10T21:03:47.870Z] [worker-~diagnostic~-328111e8-df65-4622-aa7a-9dc8dcc2b264]: exited {"metadata":{"emulator":{"name":"functions"},"message":"[worker-~diagnostic~-328111e8-df65-4622-aa7a-9dc8dcc2b264]: exited"}}
[debug] [2021-07-10T21:03:47.870Z] [worker-~diagnostic~-328111e8-df65-4622-aa7a-9dc8dcc2b264]: FINISHED {"metadata":{"emulator":{"name":"functions"},"message":"[worker-~diagnostic~-328111e8-df65-4622-aa7a-9dc8dcc2b264]: FINISHED"}}
[debug] [2021-07-10T21:03:48.049Z] [runtime-status] [1374] Functions runtime initialized. {"cwd":"/Users/szilardmolnar/Documents/working-amazon-clone/clone-amazon-app/amazon-clone/functions","node_version":"15.12.0"} {"metadata":{"emulator":{"name":"functions"},"message":"[runtime-status] [1374] Functions runtime initialized. {\"cwd\":\"/Users/szilardmolnar/Documents/working-amazon-clone/clone-amazon-app/amazon-clone/functions\",\"node_version\":\"15.12.0\"}"}}
[debug] [2021-07-10T21:03:48.049Z] [runtime-status] [1374] Disabled runtime features: undefined {"metadata":{"emulator":{"name":"functions"},"message":"[runtime-status] [1374] Disabled runtime features: undefined"}}
[debug] [2021-07-10T21:03:48.052Z] [runtime-status] [1374] Resolved module firebase-admin {"declared":true,"installed":true,"version":"9.10.0","resolution":"/Users/szilardmolnar/Documents/working-amazon-clone/clone-amazon-app/amazon-clone/functions/node_modules/firebase-admin/lib/index.js"} {"metadata":{"emulator":{"name":"functions"},"message":"[runtime-status] [1374] Resolved module firebase-admin {\"declared\":true,\"installed\":true,\"version\":\"9.10.0\",\"resolution\":\"/Users/szilardmolnar/Documents/working-amazon-clone/clone-amazon-app/amazon-clone/functions/node_modules/firebase-admin/lib/index.js\"}"}}
[debug] [2021-07-10T21:03:48.054Z] [runtime-status] [1374] Resolved module firebase-functions {"declared":true,"installed":true,"version":"3.14.1","resolution":"/Users/szilardmolnar/Documents/working-amazon-clone/clone-amazon-app/amazon-clone/functions/node_modules/firebase-functions/lib/index.js"} {"metadata":{"emulator":{"name":"functions"},"message":"[runtime-status] [1374] Resolved module firebase-functions {\"declared\":true,\"installed\":true,\"version\":\"3.14.1\",\"resolution\":\"/Users/szilardmolnar/Documents/working-amazon-clone/clone-amazon-app/amazon-clone/functions/node_modules/firebase-functions/lib/index.js\"}"}}
[debug] [2021-07-10T21:03:48.056Z] [runtime-status] [1374] Resolved module firebase-functions {"declared":true,"installed":true,"version":"3.14.1","resolution":"/Users/szilardmolnar/Documents/working-amazon-clone/clone-amazon-app/amazon-clone/functions/node_modules/firebase-functions/lib/index.js"} {"metadata":{"emulator":{"name":"functions"},"message":"[runtime-status] [1374] Resolved module firebase-functions {\"declared\":true,\"installed\":true,\"version\":\"3.14.1\",\"resolution\":\"/Users/szilardmolnar/Documents/working-amazon-clone/clone-amazon-app/amazon-clone/functions/node_modules/firebase-functions/lib/index.js\"}"}}
[debug] [2021-07-10T21:03:48.061Z] [runtime-status] [1374] Outgoing network have been stubbed. [{"name":"http","status":"mocked"},{"name":"http","status":"mocked"},{"name":"https","status":"mocked"},{"name":"https","status":"mocked"},{"name":"net","status":"mocked"}] {"metadata":{"emulator":{"name":"functions"},"message":"[runtime-status] [1374] Outgoing network have been stubbed. [{\"name\":\"http\",\"status\":\"mocked\"},{\"name\":\"http\",\"status\":\"mocked\"},{\"name\":\"https\",\"status\":\"mocked\"},{\"name\":\"https\",\"status\":\"mocked\"},{\"name\":\"net\",\"status\":\"mocked\"}]"}}
[debug] [2021-07-10T21:03:48.061Z] [runtime-status] [1374] Resolved module firebase-functions {"declared":true,"installed":true,"version":"3.14.1","resolution":"/Users/szilardmolnar/Documents/working-amazon-clone/clone-amazon-app/amazon-clone/functions/node_modules/firebase-functions/lib/index.js"} {"metadata":{"emulator":{"name":"functions"},"message":"[runtime-status] [1374] Resolved module firebase-functions {\"declared\":true,\"installed\":true,\"version\":\"3.14.1\",\"resolution\":\"/Users/szilardmolnar/Documents/working-amazon-clone/clone-amazon-app/amazon-clone/functions/node_modules/firebase-functions/lib/index.js\"}"}}
[debug] [2021-07-10T21:03:48.115Z] [runtime-status] [1374] Checked functions.config() {"config":{}} {"metadata":{"emulator":{"name":"functions"},"message":"[runtime-status] [1374] Checked functions.config() {\"config\":{}}"}}
[debug] [2021-07-10T21:03:48.116Z] [runtime-status] [1374] firebase-functions has been stubbed. {"functionsResolution":{"declared":true,"installed":true,"version":"3.14.1","resolution":"/Users/szilardmolnar/Documents/working-amazon-clone/clone-amazon-app/amazon-clone/functions/node_modules/firebase-functions/lib/index.js"}} {"metadata":{"emulator":{"name":"functions"},"message":"[runtime-status] [1374] firebase-functions has been stubbed. {\"functionsResolution\":{\"declared\":true,\"installed\":true,\"version\":\"3.14.1\",\"resolution\":\"/Users/szilardmolnar/Documents/working-amazon-clone/clone-amazon-app/amazon-clone/functions/node_modules/firebase-functions/lib/index.js\"}}"}}
[debug] [2021-07-10T21:03:48.116Z] [runtime-status] [1374] Resolved module firebase-functions {"declared":true,"installed":true,"version":"3.14.1","resolution":"/Users/szilardmolnar/Documents/working-amazon-clone/clone-amazon-app/amazon-clone/functions/node_modules/firebase-functions/lib/index.js"} {"metadata":{"emulator":{"name":"functions"},"message":"[runtime-status] [1374] Resolved module firebase-functions {\"declared\":true,\"installed\":true,\"version\":\"3.14.1\",\"resolution\":\"/Users/szilardmolnar/Documents/working-amazon-clone/clone-amazon-app/amazon-clone/functions/node_modules/firebase-functions/lib/index.js\"}"}}
[debug] [2021-07-10T21:03:48.120Z] [runtime-status] [1374] Resolved module firebase-admin {"declared":true,"installed":true,"version":"9.10.0","resolution":"/Users/szilardmolnar/Documents/working-amazon-clone/clone-amazon-app/amazon-clone/functions/node_modules/firebase-admin/lib/index.js"} {"metadata":{"emulator":{"name":"functions"},"message":"[runtime-status] [1374] Resolved module firebase-admin {\"declared\":true,\"installed\":true,\"version\":\"9.10.0\",\"resolution\":\"/Users/szilardmolnar/Documents/working-amazon-clone/clone-amazon-app/amazon-clone/functions/node_modules/firebase-admin/lib/index.js\"}"}}
[debug] [2021-07-10T21:03:48.120Z] [runtime-status] [1374] Resolved module firebase-functions {"declared":true,"installed":true,"version":"3.14.1","resolution":"/Users/szilardmolnar/Documents/working-amazon-clone/clone-amazon-app/amazon-clone/functions/node_modules/firebase-functions/lib/index.js"} {"metadata":{"emulator":{"name":"functions"},"message":"[runtime-status] [1374] Resolved module firebase-functions {\"declared\":true,\"installed\":true,\"version\":\"3.14.1\",\"resolution\":\"/Users/szilardmolnar/Documents/working-amazon-clone/clone-amazon-app/amazon-clone/functions/node_modules/firebase-functions/lib/index.js\"}"}}
[debug] [2021-07-10T21:03:48.121Z] [runtime-status] [1374] firebase-admin has been stubbed. {"adminResolution":{"declared":true,"installed":true,"version":"9.10.0","resolution":"/Users/szilardmolnar/Documents/working-amazon-clone/clone-amazon-app/amazon-clone/functions/node_modules/firebase-admin/lib/index.js"}} {"metadata":{"emulator":{"name":"functions"},"message":"[runtime-status] [1374] firebase-admin has been stubbed. {\"adminResolution\":{\"declared\":true,\"installed\":true,\"version\":\"9.10.0\",\"resolution\":\"/Users/szilardmolnar/Documents/working-amazon-clone/clone-amazon-app/amazon-clone/functions/node_modules/firebase-admin/lib/index.js\"}}"}}
[debug] [2021-07-10T21:03:48.238Z] [worker-~diagnostic~-c93cc55a-5deb-4890-a86b-897a0394d0dc]: IDLE {"metadata":{"emulator":{"name":"functions"},"message":"[worker-~diagnostic~-c93cc55a-5deb-4890-a86b-897a0394d0dc]: IDLE"}}
[debug] [2021-07-10T21:04:05.915Z] [work-queue] {"queueLength":1,"workRunningCount":0}
[debug] [2021-07-10T21:04:05.916Z] [work-queue] {"queueLength":0,"workRunningCount":1}
[debug] [2021-07-10T21:04:05.916Z] Accepted request GET /clone-6ae1d/us-central1/api --> us-central1-api
[debug] [2021-07-10T21:04:05.917Z] [worker-pool] Cleaned up workers for ~diagnostic~: 2 --> 1 {"metadata":{"emulator":{"name":"functions"},"message":"[worker-pool] Cleaned up workers for ~diagnostic~: 2 --> 1"}}
[debug] [2021-07-10T21:04:05.945Z] [worker-pool] addWorker(us-central1-api) {"metadata":{"emulator":{"name":"functions"},"message":"[worker-pool] addWorker(us-central1-api)"}}
[debug] [2021-07-10T21:04:05.945Z] [worker-pool] Adding worker with key us-central1-api, total=1 {"metadata":{"emulator":{"name":"functions"},"message":"[worker-pool] Adding worker with key us-central1-api, total=1"}}
[debug] [2021-07-10T21:04:05.945Z] [worker-pool] submitWork(triggerId=us-central1-api) {"metadata":{"emulator":{"name":"functions"},"message":"[worker-pool] submitWork(triggerId=us-central1-api)"}}
[debug] [2021-07-10T21:04:05.946Z] [worker-us-central1-api-e3c6b915-8ba2-4670-ae6d-7eaa9ec3a0a3]: Assigning socketPath: /var/folders/9d/srr0f4yj5nb9344rpkddt6t80000gp/T/fire_emu_1386.sock {"metadata":{"emulator":{"name":"functions"},"message":"[worker-us-central1-api-e3c6b915-8ba2-4670-ae6d-7eaa9ec3a0a3]: Assigning socketPath: /var/folders/9d/srr0f4yj5nb9344rpkddt6t80000gp/T/fire_emu_1386.sock"}}
[debug] [2021-07-10T21:04:05.946Z] [worker-us-central1-api-e3c6b915-8ba2-4670-ae6d-7eaa9ec3a0a3]: BUSY {"metadata":{"emulator":{"name":"functions"},"message":"[worker-us-central1-api-e3c6b915-8ba2-4670-ae6d-7eaa9ec3a0a3]: BUSY"}}
[debug] [2021-07-10T21:04:06.371Z] [runtime-status] [1386] Functions runtime initialized. {"cwd":"/Users/szilardmolnar/Documents/working-amazon-clone/clone-amazon-app/amazon-clone/functions","node_version":"15.12.0"} {"metadata":{"emulator":{"name":"functions"},"function":{"name":"us-central1-api"},"message":"[runtime-status] [1386] Functions runtime initialized. {\"cwd\":\"/Users/szilardmolnar/Documents/working-amazon-clone/clone-amazon-app/amazon-clone/functions\",\"node_version\":\"15.12.0\"}"}}
[debug] [2021-07-10T21:04:06.374Z] [runtime-status] [1386] Disabled runtime features: undefined {"metadata":{"emulator":{"name":"functions"},"function":{"name":"us-central1-api"},"message":"[runtime-status] [1386] Disabled runtime features: undefined"}}
[debug] [2021-07-10T21:04:06.377Z] [runtime-status] [1386] Resolved module firebase-admin {"declared":true,"installed":true,"version":"9.10.0","resolution":"/Users/szilardmolnar/Documents/working-amazon-clone/clone-amazon-app/amazon-clone/functions/node_modules/firebase-admin/lib/index.js"} {"metadata":{"emulator":{"name":"functions"},"function":{"name":"us-central1-api"},"message":"[runtime-status] [1386] Resolved module firebase-admin {\"declared\":true,\"installed\":true,\"version\":\"9.10.0\",\"resolution\":\"/Users/szilardmolnar/Documents/working-amazon-clone/clone-amazon-app/amazon-clone/functions/node_modules/firebase-admin/lib/index.js\"}"}}
[debug] [2021-07-10T21:04:06.381Z] [runtime-status] [1386] Resolved module firebase-functions {"declared":true,"installed":true,"version":"3.14.1","resolution":"/Users/szilardmolnar/Documents/working-amazon-clone/clone-amazon-app/amazon-clone/functions/node_modules/firebase-functions/lib/index.js"} {"metadata":{"emulator":{"name":"functions"},"function":{"name":"us-central1-api"},"message":"[runtime-status] [1386] Resolved module firebase-functions {\"declared\":true,\"installed\":true,\"version\":\"3.14.1\",\"resolution\":\"/Users/szilardmolnar/Documents/working-amazon-clone/clone-amazon-app/amazon-clone/functions/node_modules/firebase-functions/lib/index.js\"}"}}
[debug] [2021-07-10T21:04:06.384Z] [runtime-status] [1386] Resolved module firebase-functions {"declared":true,"installed":true,"version":"3.14.1","resolution":"/Users/szilardmolnar/Documents/working-amazon-clone/clone-amazon-app/amazon-clone/functions/node_modules/firebase-functions/lib/index.js"} {"metadata":{"emulator":{"name":"functions"},"function":{"name":"us-central1-api"},"message":"[runtime-status] [1386] Resolved module firebase-functions {\"declared\":true,\"installed\":true,\"version\":\"3.14.1\",\"resolution\":\"/Users/szilardmolnar/Documents/working-amazon-clone/clone-amazon-app/amazon-clone/functions/node_modules/firebase-functions/lib/index.js\"}"}}
[debug] [2021-07-10T21:04:06.387Z] [runtime-status] [1386] Outgoing network have been stubbed. [{"name":"http","status":"mocked"},{"name":"http","status":"mocked"},{"name":"https","status":"mocked"},{"name":"https","status":"mocked"},{"name":"net","status":"mocked"}] {"metadata":{"emulator":{"name":"functions"},"function":{"name":"us-central1-api"},"message":"[runtime-status] [1386] Outgoing network have been stubbed. [{\"name\":\"http\",\"status\":\"mocked\"},{\"name\":\"http\",\"status\":\"mocked\"},{\"name\":\"https\",\"status\":\"mocked\"},{\"name\":\"https\",\"status\":\"mocked\"},{\"name\":\"net\",\"status\":\"mocked\"}]"}}
[debug] [2021-07-10T21:04:06.388Z] [runtime-status] [1386] Resolved module firebase-functions {"declared":true,"installed":true,"version":"3.14.1","resolution":"/Users/szilardmolnar/Documents/working-amazon-clone/clone-amazon-app/amazon-clone/functions/node_modules/firebase-functions/lib/index.js"} {"metadata":{"emulator":{"name":"functions"},"function":{"name":"us-central1-api"},"message":"[runtime-status] [1386] Resolved module firebase-functions {\"declared\":true,\"installed\":true,\"version\":\"3.14.1\",\"resolution\":\"/Users/szilardmolnar/Documents/working-amazon-clone/clone-amazon-app/amazon-clone/functions/node_modules/firebase-functions/lib/index.js\"}"}}
[debug] [2021-07-10T21:04:06.455Z] [runtime-status] [1386] Checked functions.config() {"config":{}} {"metadata":{"emulator":{"name":"functions"},"function":{"name":"us-central1-api"},"message":"[runtime-status] [1386] Checked functions.config() {\"config\":{}}"}}
[debug] [2021-07-10T21:04:06.456Z] [runtime-status] [1386] firebase-functions has been stubbed. {"functionsResolution":{"declared":true,"installed":true,"version":"3.14.1","resolution":"/Users/szilardmolnar/Documents/working-amazon-clone/clone-amazon-app/amazon-clone/functions/node_modules/firebase-functions/lib/index.js"}} {"metadata":{"emulator":{"name":"functions"},"function":{"name":"us-central1-api"},"message":"[runtime-status] [1386] firebase-functions has been stubbed. {\"functionsResolution\":{\"declared\":true,\"installed\":true,\"version\":\"3.14.1\",\"resolution\":\"/Users/szilardmolnar/Documents/working-amazon-clone/clone-amazon-app/amazon-clone/functions/node_modules/firebase-functions/lib/index.js\"}}"}}
[debug] [2021-07-10T21:04:06.456Z] [runtime-status] [1386] Resolved module firebase-functions {"declared":true,"installed":true,"version":"3.14.1","resolution":"/Users/szilardmolnar/Documents/working-amazon-clone/clone-amazon-app/amazon-clone/functions/node_modules/firebase-functions/lib/index.js"} {"metadata":{"emulator":{"name":"functions"},"function":{"name":"us-central1-api"},"message":"[runtime-status] [1386] Resolved module firebase-functions {\"declared\":true,\"installed\":true,\"version\":\"3.14.1\",\"resolution\":\"/Users/szilardmolnar/Documents/working-amazon-clone/clone-amazon-app/amazon-clone/functions/node_modules/firebase-functions/lib/index.js\"}"}}
[debug] [2021-07-10T21:04:06.458Z] [runtime-status] [1386] Resolved module firebase-admin {"declared":true,"installed":true,"version":"9.10.0","resolution":"/Users/szilardmolnar/Documents/working-amazon-clone/clone-amazon-app/amazon-clone/functions/node_modules/firebase-admin/lib/index.js"} {"metadata":{"emulator":{"name":"functions"},"function":{"name":"us-central1-api"},"message":"[runtime-status] [1386] Resolved module firebase-admin {\"declared\":true,\"installed\":true,\"version\":\"9.10.0\",\"resolution\":\"/Users/szilardmolnar/Documents/working-amazon-clone/clone-amazon-app/amazon-clone/functions/node_modules/firebase-admin/lib/index.js\"}"}}
[debug] [2021-07-10T21:04:06.458Z] [runtime-status] [1386] Resolved module firebase-functions {"declared":true,"installed":true,"version":"3.14.1","resolution":"/Users/szilardmolnar/Documents/working-amazon-clone/clone-amazon-app/amazon-clone/functions/node_modules/firebase-functions/lib/index.js"} {"metadata":{"emulator":{"name":"functions"},"function":{"name":"us-central1-api"},"message":"[runtime-status] [1386] Resolved module firebase-functions {\"declared\":true,\"installed\":true,\"version\":\"3.14.1\",\"resolution\":\"/Users/szilardmolnar/Documents/working-amazon-clone/clone-amazon-app/amazon-clone/functions/node_modules/firebase-functions/lib/index.js\"}"}}
[debug] [2021-07-10T21:04:06.459Z] [runtime-status] [1386] firebase-admin has been stubbed. {"adminResolution":{"declared":true,"installed":true,"version":"9.10.0","resolution":"/Users/szilardmolnar/Documents/working-amazon-clone/clone-amazon-app/amazon-clone/functions/node_modules/firebase-admin/lib/index.js"}} {"metadata":{"emulator":{"name":"functions"},"function":{"name":"us-central1-api"},"message":"[runtime-status] [1386] firebase-admin has been stubbed. {\"adminResolution\":{\"declared\":true,\"installed\":true,\"version\":\"9.10.0\",\"resolution\":\"/Users/szilardmolnar/Documents/working-amazon-clone/clone-amazon-app/amazon-clone/functions/node_modules/firebase-admin/lib/index.js\"}}"}}
[debug] [2021-07-10T21:04:06.657Z] [runtime-status] [1386] Trigger "us-central1-api" has been found, beginning invocation! {"metadata":{"emulator":{"name":"functions"},"function":{"name":"us-central1-api"},"message":"[runtime-status] [1386] Trigger \"us-central1-api\" has been found, beginning invocation!"}}
[info] i  functions: Beginning execution of "us-central1-api" {"metadata":{"emulator":{"name":"functions"},"function":{"name":"us-central1-api"},"message":"Beginning execution of \"us-central1-api\""}}
[debug] [2021-07-10T21:04:06.658Z] [runtime-status] [1386] triggerDefinition {"httpsTrigger":{},"name":"api","entryPoint":"api","regions":["us-central1"],"region":"us-central1","id":"us-central1-api"} {"metadata":{"emulator":{"name":"functions"},"function":{"name":"us-central1-api"},"message":"[runtime-status] [1386] triggerDefinition {\"httpsTrigger\":{},\"name\":\"api\",\"entryPoint\":\"api\",\"regions\":[\"us-central1\"],\"region\":\"us-central1\",\"id\":\"us-central1-api\"}"}}
[debug] [2021-07-10T21:04:06.658Z] [runtime-status] [1386] Running us-central1-api in mode HTTPS {"metadata":{"emulator":{"name":"functions"},"function":{"name":"us-central1-api"},"message":"[runtime-status] [1386] Running us-central1-api in mode HTTPS"}}
[debug] [2021-07-10T21:04:06.667Z] [runtime-status] [1386] Attempting to listen to socketPath: /var/folders/9d/srr0f4yj5nb9344rpkddt6t80000gp/T/fire_emu_1386.sock {"metadata":{"emulator":{"name":"functions"},"function":{"name":"us-central1-api"},"message":"[runtime-status] [1386] Attempting to listen to socketPath: /var/folders/9d/srr0f4yj5nb9344rpkddt6t80000gp/T/fire_emu_1386.sock"}}
[debug] [2021-07-10T21:04:06.672Z] [functions] Runtime ready! Sending request! {"metadata":{"emulator":{"name":"functions"},"message":"[functions] Runtime ready! Sending request!"}}
[debug] [2021-07-10T21:04:06.673Z] [functions] Got req.url=/clone-6ae1d/us-central1/api, mapping to path=/ {"metadata":{"emulator":{"name":"functions"},"message":"[functions] Got req.url=/clone-6ae1d/us-central1/api, mapping to path=/"}}
[debug] [2021-07-10T21:04:06.692Z] [runtime-status] [1386] Ephemeral server handling GET request {"metadata":{"emulator":{"name":"functions"},"function":{"name":"us-central1-api"},"message":"[runtime-status] [1386] Ephemeral server handling GET request"}}
[debug] [2021-07-10T21:04:06.706Z] [runtime-status] [1386] Ephemeral server survived. {"metadata":{"emulator":{"name":"functions"},"function":{"name":"us-central1-api"},"message":"[runtime-status] [1386] Ephemeral server survived."}}
[info] i  functions: Finished "us-central1-api" in ~1s {"metadata":{"emulator":{"name":"functions"},"function":{"name":"us-central1-api"},"message":"Finished \"us-central1-api\" in ~1s"}}
[debug] [2021-07-10T21:04:06.747Z] [worker-us-central1-api-e3c6b915-8ba2-4670-ae6d-7eaa9ec3a0a3]: IDLE {"metadata":{"emulator":{"name":"functions"},"message":"[worker-us-central1-api-e3c6b915-8ba2-4670-ae6d-7eaa9ec3a0a3]: IDLE"}}
[debug] [2021-07-10T21:04:06.748Z] [work-queue] {"queueLength":0,"workRunningCount":0}
[debug] [2021-07-10T21:04:07.056Z] Functions emulator received unknown request at path /favicon.ico
